<?xml version="1.0" encoding="UTF-8"?>
<Site BuildName="Linux-g++"
	BuildStamp="20240331-0815-Experimental"
	Name="iZbp1hf0ex12aff1lmsq0kZ"
	Generator="ctest-3.22.1"
	CompilerName="/usr/bin/g++"
	CompilerVersion="11.4.0"
	OSName="Linux"
	Hostname="iZbp1hf0ex12aff1lmsq0kZ"
	OSRelease="5.15.0-71-generic"
	OSVersion="#78-Ubuntu SMP Tue Apr 18 09:00:29 UTC 2023"
	OSPlatform="x86_64"
	Is64Bits="1"
	VendorString="GenuineIntel"
	VendorID="Intel Corporation"
	FamilyID="6"
	ModelID="85"
	ProcessorCacheSize="33792"
	NumberOfLogicalCPU="2"
	NumberOfPhysicalCPU="1"
	TotalVirtualMemory="0"
	TotalPhysicalMemory="1685"
	LogicalProcessorsPerPhysical="2"
	ProcessorClockFrequency="2500"
	>
	<Testing>
		<StartDateTime>Mar 31 16:15 CST</StartDateTime>
		<StartTestTime>1711872943</StartTestTime>
		<TestList/>
		<EndDateTime>Mar 31 16:15 CST</EndDateTime>
		<EndTestTime>1711872943</EndTestTime>
		<ElapsedMinutes>0</ElapsedMinutes>
	</Testing>
</Site>
